2020-06-20T00:31:23+  JSON Restarted
2020-06-20T00:31:23+  ====== Start danger-flake8
2020-06-20T00:31:23+  ---- Attempt install
2020-06-20T00:31:23+  .. OK
2020-06-20T00:31:23+  ---- Attempt entry point retrieval
2020-06-20T00:31:23+  .. OK
2020-06-20T00:31:23+  ---- Uninstall package
2020-06-20T00:31:24+  .. OK
2020-06-20T00:31:24+  ====== Start flake8
2020-06-20T00:31:24+  ---- Attempt install
2020-06-20T00:31:24+  .. OK
2020-06-20T00:31:24+  ---- Attempt entry point retrieval
2020-06-20T00:31:25+  .. OK
2020-06-20T00:31:25+  ---- Uninstall package
2020-06-20T00:31:25+  .. OK
2020-06-20T00:31:25+  ====== Start flake8-2020
2020-06-20T00:31:25+  ---- Attempt install
2020-06-20T00:31:26+  .. OK
2020-06-20T00:31:26+  ---- Attempt entry point retrieval
2020-06-20T00:31:26+  .. OK
2020-06-20T00:31:26+  ---- Uninstall package
2020-06-20T00:31:26+  .. OK
2020-06-20T00:31:26+  ====== Start flake8-aaa
2020-06-20T00:31:26+  ---- Attempt install
2020-06-20T00:31:27+  .. OK
2020-06-20T00:31:27+  ---- Attempt entry point retrieval
2020-06-20T00:31:27+  .. OK
2020-06-20T00:31:27+  ---- Uninstall package
2020-06-20T00:31:27+  .. OK
2020-06-20T00:31:27+  ====== Start flake8-absolute-import
2020-06-20T00:31:27+  ---- Attempt install
2020-06-20T00:31:28+  .. OK
2020-06-20T00:31:28+  ---- Attempt entry point retrieval
2020-06-20T00:31:28+  .. OK
2020-06-20T00:31:28+  ---- Uninstall package
2020-06-20T00:31:28+  .. OK
2020-06-20T00:31:28+  ====== Start flake8-adjustable-complexity
2020-06-20T00:31:28+  ---- Attempt install
2020-06-20T00:31:30+  .. OK
2020-06-20T00:31:30+  ---- Attempt entry point retrieval
2020-06-20T00:31:30+  .. OK
2020-06-20T00:31:30+  ---- Uninstall package
2020-06-20T00:31:30+  .. OK
2020-06-20T00:31:30+  ====== Start flake8-alfred
2020-06-20T00:31:30+  ---- Attempt install
2020-06-20T00:31:31+  .. OK
2020-06-20T00:31:31+  ---- Attempt entry point retrieval
2020-06-20T00:31:31+  .. OK
2020-06-20T00:31:31+  ---- Uninstall package
2020-06-20T00:31:31+  .. OK
2020-06-20T00:31:31+  ====== Start flake8-annotations
2020-06-20T00:31:31+  ---- Attempt install
2020-06-20T00:31:32+  .. OK
2020-06-20T00:31:32+  ---- Attempt entry point retrieval
2020-06-20T00:31:32+  .. OK
2020-06-20T00:31:32+  ---- Uninstall package
2020-06-20T00:31:33+  .. OK
2020-06-20T00:31:33+  ====== Start flake8-annotations-complexity
2020-06-20T00:31:33+  ---- Attempt install
2020-06-20T00:31:34+  .. OK
2020-06-20T00:31:34+  ---- Attempt entry point retrieval
2020-06-20T00:31:34+  .. OK
2020-06-20T00:31:34+  ---- Uninstall package
2020-06-20T00:31:34+  .. OK
2020-06-20T00:31:34+  ====== Start flake8-annotations-coverage
2020-06-20T00:31:34+  ---- Attempt install
2020-06-20T00:31:35+  .. OK
2020-06-20T00:31:35+  ---- Attempt entry point retrieval
2020-06-20T00:31:35+  .. OK
2020-06-20T00:31:35+  ---- Uninstall package
2020-06-20T00:31:36+  .. OK
2020-06-20T00:31:36+  ====== Start flake8-assertive
2020-06-20T00:31:36+  ---- Attempt install
2020-06-20T00:31:36+  .. OK
2020-06-20T00:31:36+  ---- Attempt entry point retrieval
2020-06-20T00:31:36+  .. OK
2020-06-20T00:31:36+  ---- Uninstall package
2020-06-20T00:31:37+  .. OK
2020-06-20T00:31:37+  ====== Start flake8-assign-and-return
2020-06-20T00:31:37+  ---- Attempt install
2020-06-20T00:31:37+  .. OK
2020-06-20T00:31:37+  ---- Attempt entry point retrieval
2020-06-20T00:31:38+  .. OK
2020-06-20T00:31:38+  ---- Uninstall package
2020-06-20T00:31:38+  .. OK
2020-06-20T00:31:38+  ====== Start flake8-author
2020-06-20T00:31:38+  ---- Attempt install
2020-06-20T00:31:39+  .. OK
2020-06-20T00:31:39+  ---- Attempt entry point retrieval
2020-06-20T00:31:39+  .. OK
2020-06-20T00:31:39+  ---- Uninstall package
2020-06-20T00:31:39+  .. OK
2020-06-20T00:31:39+  ====== Start flake8-awesome
2020-06-20T00:31:39+  ---- Attempt install
2020-06-20T00:31:40+  .. OK
2020-06-20T00:31:40+  ---- Attempt entry point retrieval
2020-06-20T00:31:40+  .. OK
2020-06-20T00:31:40+  ---- Uninstall package
2020-06-20T00:31:40+  .. OK
2020-06-20T00:31:40+  ====== Start flake8-bandit
2020-06-20T00:31:40+  ---- Attempt install
2020-06-20T00:31:41+  .. OK
2020-06-20T00:31:41+  ---- Attempt entry point retrieval
2020-06-20T00:31:41+  .. OK
2020-06-20T00:31:41+  ---- Uninstall package
2020-06-20T00:31:42+  .. OK
2020-06-20T00:31:42+  ====== Start flake8-black
2020-06-20T00:31:42+  ---- Attempt install
2020-06-20T00:31:43+  .. OK
2020-06-20T00:31:43+  ---- Attempt entry point retrieval
2020-06-20T00:31:43+  .. OK
2020-06-20T00:31:43+  ---- Uninstall package
2020-06-20T00:31:43+  .. OK
2020-06-20T00:31:43+  ====== Start flake8blindexcept
2020-06-20T00:31:43+  ---- Attempt install
2020-06-20T00:31:44+  .. FAILED (exit 1)
2020-06-20T00:31:44+  ---- SKIP entry point retrieval
2020-06-20T00:31:44+  ---- Uninstall package
2020-06-20T00:31:45+  .. OK
2020-06-20T00:31:45+  ====== Start flake8-blind-except
2020-06-20T00:31:45+  ---- Attempt install
2020-06-20T00:31:46+  .. OK
2020-06-20T00:31:46+  ---- Attempt entry point retrieval
2020-06-20T00:31:46+  .. OK
2020-06-20T00:31:46+  ---- Uninstall package
2020-06-20T00:31:47+  .. OK
2020-06-20T00:31:47+  ====== Start flake8-block-comment
2020-06-20T00:31:47+  ---- Attempt install
2020-06-20T00:31:47+  .. OK
2020-06-20T00:31:47+  ---- Attempt entry point retrieval
2020-06-20T00:31:47+  .. OK
2020-06-20T00:31:47+  ---- Uninstall package
2020-06-20T00:31:48+  .. OK
2020-06-20T00:31:48+  ====== Start flake8-boto3
2020-06-20T00:31:48+  ---- Attempt install
2020-06-20T00:31:48+  .. OK
2020-06-20T00:31:48+  ---- Attempt entry point retrieval
2020-06-20T00:31:48+  .. OK
2020-06-20T00:31:48+  ---- Uninstall package
2020-06-20T00:31:49+  .. OK
2020-06-20T00:31:49+  ====== Start flake8-boto3-plugin
2020-06-20T00:31:49+  ---- Attempt install
2020-06-20T00:31:49+  .. FAILED (exit 1)
2020-06-20T00:31:49+  ---- SKIP entry point retrieval
2020-06-20T00:31:49+  ---- Uninstall package
2020-06-20T00:31:50+  .. OK
2020-06-20T00:31:50+  ====== Start flake8-breakpoint
2020-06-20T00:31:50+  ---- Attempt install
2020-06-20T00:31:50+  .. OK
2020-06-20T00:31:50+  ---- Attempt entry point retrieval
2020-06-20T00:31:50+  .. OK
2020-06-20T00:31:50+  ---- Uninstall package
2020-06-20T00:31:51+  .. OK
2020-06-20T00:31:51+  ====== Start flake8-broken-line
2020-06-20T00:31:51+  ---- Attempt install
2020-06-20T00:31:52+  .. OK
2020-06-20T00:31:52+  ---- Attempt entry point retrieval
2020-06-20T00:31:52+  .. OK
2020-06-20T00:31:52+  ---- Uninstall package
2020-06-20T00:31:52+  .. OK
2020-06-20T00:31:52+  ====== Start flake8bugbear
2020-06-20T00:31:52+  ---- Attempt install
2020-06-20T00:31:53+  .. FAILED (exit 1)
2020-06-20T00:31:53+  ---- SKIP entry point retrieval
2020-06-20T00:31:53+  ---- Uninstall package
2020-06-20T00:31:54+  .. OK
2020-06-20T00:31:54+  ====== Start flake8-bugbear
2020-06-20T00:31:54+  ---- Attempt install
2020-06-20T00:31:54+  .. OK
2020-06-20T00:31:54+  ---- Attempt entry point retrieval
2020-06-20T00:31:54+  .. OK
2020-06-20T00:31:54+  ---- Uninstall package
2020-06-20T00:31:55+  .. OK
2020-06-20T00:31:55+  ====== Start flake8builtins
2020-06-20T00:31:55+  ---- Attempt install
2020-06-20T00:31:56+  .. FAILED (exit 1)
2020-06-20T00:31:56+  ---- SKIP entry point retrieval
2020-06-20T00:31:56+  ---- Uninstall package
2020-06-20T00:31:56+  .. OK
2020-06-20T00:31:56+  ====== Start flake8-builtins
2020-06-20T00:31:56+  ---- Attempt install
2020-06-20T00:31:57+  .. OK
2020-06-20T00:31:57+  ---- Attempt entry point retrieval
2020-06-20T00:31:57+  .. OK
2020-06-20T00:31:57+  ---- Uninstall package
2020-06-20T00:31:57+  .. OK
2020-06-20T00:31:57+  ====== Start flake8-builtins-unleashed
2020-06-20T00:31:57+  ---- Attempt install
2020-06-20T00:31:58+  .. OK
2020-06-20T00:31:58+  ---- Attempt entry point retrieval
2020-06-20T00:31:58+  .. OK
2020-06-20T00:31:58+  ---- Uninstall package
2020-06-20T00:31:58+  .. OK
2020-06-20T00:31:58+  ====== Start flake8chart
2020-06-20T00:31:58+  ---- Attempt install
2020-06-20T00:32:00+  .. FAILED (exit 1)
2020-06-20T00:32:00+  ---- SKIP entry point retrieval
2020-06-20T00:32:00+  ---- Uninstall package
2020-06-20T00:32:00+  .. OK
2020-06-20T00:32:00+  ====== Start flake8-chart
2020-06-20T00:32:00+  ---- Attempt install
2020-06-20T00:32:01+  .. OK
2020-06-20T00:32:01+  ---- Attempt entry point retrieval
2020-06-20T00:32:01+  .. OK
2020-06-20T00:32:01+  ---- Uninstall package
2020-06-20T00:32:02+  .. OK
2020-06-20T00:32:02+  ====== Start flake8-checkstyle
2020-06-20T00:32:02+  ---- Attempt install
2020-06-20T00:32:03+  .. OK
2020-06-20T00:32:03+  ---- Attempt entry point retrieval
2020-06-20T00:32:03+  .. OK
2020-06-20T00:32:03+  ---- Uninstall package
2020-06-20T00:32:03+  .. OK
2020-06-20T00:32:03+  ====== Start flake8-class-attributes-order
2020-06-20T00:32:03+  ---- Attempt install
2020-06-20T00:32:04+  .. OK
2020-06-20T00:32:04+  ---- Attempt entry point retrieval
2020-06-20T00:32:04+  .. OK
2020-06-20T00:32:04+  ---- Uninstall package
2020-06-20T00:32:05+  .. OK
2020-06-20T00:32:05+  ====== Start flake8-class-newline
2020-06-20T00:32:05+  ---- Attempt install
2020-06-20T00:32:05+  .. OK
2020-06-20T00:32:05+  ---- Attempt entry point retrieval
2020-06-20T00:32:06+  .. OK
2020-06-20T00:32:06+  ---- Uninstall package
2020-06-20T00:32:06+  .. OK
2020-06-20T00:32:06+  ====== Start flake8-click
2020-06-20T00:32:06+  ---- Attempt install
2020-06-20T00:32:07+  .. OK
2020-06-20T00:32:07+  ---- Attempt entry point retrieval
2020-06-20T00:32:07+  .. OK
2020-06-20T00:32:07+  ---- Uninstall package
2020-06-20T00:32:07+  .. OK
2020-06-20T00:32:07+  ====== Start flake8-codeclimate
2020-06-20T00:32:07+  ---- Attempt install
2020-06-20T00:32:08+  .. OK
2020-06-20T00:32:08+  ---- Attempt entry point retrieval
2020-06-20T00:32:08+  .. OK
2020-06-20T00:32:08+  ---- Uninstall package
2020-06-20T00:32:08+  .. OK
2020-06-20T00:32:08+  ====== Start flake8-coding
2020-06-20T00:32:08+  ---- Attempt install
2020-06-20T00:32:09+  .. OK
2020-06-20T00:32:09+  ---- Attempt entry point retrieval
2020-06-20T00:32:09+  .. OK
2020-06-20T00:32:09+  ---- Uninstall package
2020-06-20T00:32:09+  .. OK
2020-06-20T00:32:09+  ====== Start flake8-cognitive-complexity
2020-06-20T00:32:09+  ---- Attempt install
2020-06-20T00:32:11+  .. OK
2020-06-20T00:32:11+  ---- Attempt entry point retrieval
2020-06-20T00:32:11+  .. OK
2020-06-20T00:32:11+  ---- Uninstall package
2020-06-20T00:32:11+  .. OK
2020-06-20T00:32:11+  ====== Start flake8-colors
2020-06-20T00:32:11+  ---- Attempt install
2020-06-20T00:32:12+  .. OK
2020-06-20T00:32:12+  ---- Attempt entry point retrieval
2020-06-20T00:32:12+  .. OK
2020-06-20T00:32:12+  ---- Uninstall package
2020-06-20T00:32:13+  .. OK
2020-06-20T00:32:13+  ====== Start flake8commas
2020-06-20T00:32:13+  ---- Attempt install
2020-06-20T00:32:14+  .. FAILED (exit 1)
2020-06-20T00:32:14+  ---- SKIP entry point retrieval
2020-06-20T00:32:14+  ---- Uninstall package
2020-06-20T00:32:14+  .. OK
2020-06-20T00:32:14+  ====== Start flake8-commas
2020-06-20T00:32:14+  ---- Attempt install
2020-06-20T00:32:15+  .. OK
2020-06-20T00:32:15+  ---- Attempt entry point retrieval
2020-06-20T00:32:15+  .. OK
2020-06-20T00:32:15+  ---- Uninstall package
2020-06-20T00:32:15+  .. OK
2020-06-20T00:32:15+  ====== Start flake8comprehensions
2020-06-20T00:32:15+  ---- Attempt install
2020-06-20T00:32:16+  .. FAILED (exit 1)
2020-06-20T00:32:16+  ---- SKIP entry point retrieval
2020-06-20T00:32:16+  ---- Uninstall package
2020-06-20T00:32:17+  .. OK
2020-06-20T00:32:17+  ====== Start flake8-comprehensions
2020-06-20T00:32:17+  ---- Attempt install
2020-06-20T00:32:17+  .. OK
2020-06-20T00:32:17+  ---- Attempt entry point retrieval
2020-06-20T00:32:17+  .. OK
2020-06-20T00:32:17+  ---- Uninstall package
2020-06-20T00:32:18+  .. OK
2020-06-20T00:32:18+  ====== Start flake8-config-4catalyzer
2020-06-20T00:32:18+  ---- Attempt install
2020-06-20T00:32:18+  .. OK
2020-06-20T00:32:18+  ---- Attempt entry point retrieval
2020-06-20T00:32:18+  .. OK
2020-06-20T00:32:18+  ---- Uninstall package
2020-06-20T00:32:19+  .. OK
2020-06-20T00:32:19+  ====== Start flake8-config-yoctol
2020-06-20T00:32:19+  ---- Attempt install
2020-06-20T00:32:20+  .. OK
2020-06-20T00:32:20+  ---- Attempt entry point retrieval
2020-06-20T00:32:20+  .. OK
2020-06-20T00:32:20+  ---- Uninstall package
2020-06-20T00:32:20+  .. OK
2020-06-20T00:32:20+  ====== Start flake8-confusables
2020-06-20T00:32:20+  ---- Attempt install
2020-06-20T00:32:21+  .. OK
2020-06-20T00:32:21+  ---- Attempt entry point retrieval
2020-06-20T00:32:21+  .. OK
2020-06-20T00:32:21+  ---- Uninstall package
2020-06-20T00:32:21+  .. OK
2020-06-20T00:32:21+  ====== Start flake8-continuation
2020-06-20T00:32:21+  ---- Attempt install
2020-06-20T00:32:22+  .. OK
2020-06-20T00:32:22+  ---- Attempt entry point retrieval
2020-06-20T00:32:22+  .. OK
2020-06-20T00:32:22+  ---- Uninstall package
2020-06-20T00:32:22+  .. OK
2020-06-20T00:32:22+  ====== Start flake8-copyright
2020-06-20T00:32:22+  ---- Attempt install
2020-06-20T00:32:23+  .. OK
2020-06-20T00:32:23+  ---- Attempt entry point retrieval
2020-06-20T00:32:23+  .. OK
2020-06-20T00:32:23+  ---- Uninstall package
2020-06-20T00:32:24+  .. OK
2020-06-20T00:32:24+  ====== Start flake8-csv
2020-06-20T00:32:24+  ---- Attempt install
2020-06-20T00:32:24+  .. OK
2020-06-20T00:32:24+  ---- Attempt entry point retrieval
2020-06-20T00:32:24+  .. OK
2020-06-20T00:32:24+  ---- Uninstall package
2020-06-20T00:32:25+  .. OK
2020-06-20T00:32:25+  ====== Start flake8-custom-indent
2020-06-20T00:32:25+  ---- Attempt install
2020-06-20T00:32:25+  .. FAILED (exit 1)
2020-06-20T00:32:25+  ---- SKIP entry point retrieval
2020-06-20T00:32:25+  ---- Uninstall package
2020-06-20T00:32:26+  .. OK
2020-06-20T00:32:26+  ====== Start flake8-dashboard
2020-06-20T00:32:26+  ---- Attempt install
2020-06-20T00:32:27+  .. OK
2020-06-20T00:32:27+  ---- Attempt entry point retrieval
2020-06-20T00:32:27+  .. OK
2020-06-20T00:32:27+  ---- Uninstall package
2020-06-20T00:32:27+  .. OK
2020-06-20T00:32:27+  ====== Start flake8-datetimez
2020-06-20T00:32:27+  ---- Attempt install
2020-06-20T00:32:28+  .. OK
2020-06-20T00:32:28+  ---- Attempt entry point retrieval
2020-06-20T00:32:28+  .. OK
2020-06-20T00:32:28+  ---- Uninstall package
2020-06-20T00:32:28+  .. OK
2020-06-20T00:32:28+  ====== Start flake8debugger
2020-06-20T00:32:28+  ---- Attempt install
2020-06-20T00:32:29+  .. FAILED (exit 1)
2020-06-20T00:32:29+  ---- SKIP entry point retrieval
2020-06-20T00:32:29+  ---- Uninstall package
2020-06-20T00:32:30+  .. OK
2020-06-20T00:32:30+  ====== Start flake8-debugger
2020-06-20T00:32:30+  ---- Attempt install
2020-06-20T00:32:31+  .. OK
2020-06-20T00:32:31+  ---- Attempt entry point retrieval
2020-06-20T00:32:31+  .. OK
2020-06-20T00:32:31+  ---- Uninstall package
2020-06-20T00:32:32+  .. OK
2020-06-20T00:32:32+  ====== Start flake8deprecated
2020-06-20T00:32:32+  ---- Attempt install
2020-06-20T00:32:33+  .. FAILED (exit 1)
2020-06-20T00:32:33+  ---- SKIP entry point retrieval
2020-06-20T00:32:33+  ---- Uninstall package
2020-06-20T00:32:33+  .. OK
2020-06-20T00:32:33+  ====== Start flake8-deprecated
2020-06-20T00:32:33+  ---- Attempt install
2020-06-20T00:32:34+  .. OK
2020-06-20T00:32:34+  ---- Attempt entry point retrieval
2020-06-20T00:32:34+  .. OK
2020-06-20T00:32:34+  ---- Uninstall package
2020-06-20T00:32:34+  .. OK
2020-06-20T00:32:34+  ====== Start flake8-diff
2020-06-20T00:32:34+  ---- Attempt install
2020-06-20T00:32:36+  .. OK
2020-06-20T00:32:36+  ---- Attempt entry point retrieval
2020-06-20T00:32:36+  .. OK
2020-06-20T00:32:36+  ---- Uninstall package
2020-06-20T00:32:36+  .. OK
2020-06-20T00:32:36+  ====== Start flake8-disrespectful-code
2020-06-20T00:32:36+  ---- Attempt install
2020-06-20T00:32:37+  .. OK
2020-06-20T00:32:37+  ---- Attempt entry point retrieval
2020-06-20T00:32:37+  .. OK
2020-06-20T00:32:37+  ---- Uninstall package
2020-06-20T00:32:37+  .. OK
2020-06-20T00:32:37+  ====== Start flake8-django
2020-06-20T00:32:37+  ---- Attempt install
2020-06-20T00:32:38+  .. OK
2020-06-20T00:32:38+  ---- Attempt entry point retrieval
2020-06-20T00:32:38+  .. OK
2020-06-20T00:32:38+  ---- Uninstall package
2020-06-20T00:32:38+  .. OK
2020-06-20T00:32:38+  ====== Start flake8docstrings
2020-06-20T00:32:38+  ---- Attempt install
2020-06-20T00:32:40+  .. FAILED (exit 1)
2020-06-20T00:32:40+  ---- SKIP entry point retrieval
2020-06-20T00:32:40+  ---- Uninstall package
2020-06-20T00:32:40+  .. OK
2020-06-20T00:32:40+  ====== Start flake8-docstrings
2020-06-20T00:32:40+  ---- Attempt install
2020-06-20T00:32:41+  .. OK
2020-06-20T00:32:41+  ---- Attempt entry point retrieval
2020-06-20T00:32:41+  .. OK
2020-06-20T00:32:41+  ---- Uninstall package
2020-06-20T00:32:41+  .. OK
2020-06-20T00:32:41+  ====== Start flake8-docstrings-catnado
2020-06-20T00:32:41+  ---- Attempt install
2020-06-20T00:32:42+  .. FAILED (exit 1)
2020-06-20T00:32:42+  ---- SKIP entry point retrieval
2020-06-20T00:32:42+  ---- Uninstall package
2020-06-20T00:32:42+  .. OK
2020-06-20T00:32:42+  ====== Start flake8-dodgy
2020-06-20T00:32:42+  ---- Attempt install
2020-06-20T00:32:43+  .. OK
2020-06-20T00:32:43+  ---- Attempt entry point retrieval
2020-06-20T00:32:43+  .. OK
2020-06-20T00:32:43+  ---- Uninstall package
2020-06-20T00:32:43+  .. OK
2020-06-20T00:32:43+  ====== Start flake8-double-quotes
2020-06-20T00:32:43+  ---- Attempt install
2020-06-20T00:32:44+  .. OK
2020-06-20T00:32:44+  ---- Attempt entry point retrieval
2020-06-20T00:32:44+  .. OK
2020-06-20T00:32:44+  ---- Uninstall package
2020-06-20T00:32:45+  .. OK
2020-06-20T00:32:45+  ====== Start flake8-doubles
2020-06-20T00:32:45+  ---- Attempt install
2020-06-20T00:32:46+  .. OK
2020-06-20T00:32:46+  ---- Attempt entry point retrieval
2020-06-20T00:32:46+  .. OK
2020-06-20T00:32:46+  ---- Uninstall package
2020-06-20T00:32:46+  .. OK
2020-06-20T00:32:46+  ====== Start flake8-eradicate
2020-06-20T00:32:46+  ---- Attempt install
2020-06-20T00:32:47+  .. OK
2020-06-20T00:32:47+  ---- Attempt entry point retrieval
2020-06-20T00:32:47+  .. OK
2020-06-20T00:32:47+  ---- Uninstall package
2020-06-20T00:32:48+  .. OK
2020-06-20T00:32:48+  ====== Start flake8-exact-pin
2020-06-20T00:32:48+  ---- Attempt install
2020-06-20T00:32:49+  .. OK
2020-06-20T00:32:49+  ---- Attempt entry point retrieval
2020-06-20T00:32:49+  .. OK
2020-06-20T00:32:49+  ---- Uninstall package
2020-06-20T00:32:49+  .. OK
2020-06-20T00:32:49+  ====== Start flake8-exceptions
2020-06-20T00:32:49+  ---- Attempt install
2020-06-20T00:32:50+  .. OK
2020-06-20T00:32:50+  ---- Attempt entry point retrieval
2020-06-20T00:32:50+  .. OK
2020-06-20T00:32:50+  ---- Uninstall package
2020-06-20T00:32:50+  .. OK
2020-06-20T00:32:50+  ====== Start flake8-executable
2020-06-20T00:32:50+  ---- Attempt install
2020-06-20T00:32:51+  .. OK
2020-06-20T00:32:51+  ---- Attempt entry point retrieval
2020-06-20T00:32:51+  .. OK
2020-06-20T00:32:51+  ---- Uninstall package
2020-06-20T00:32:52+  .. OK
2020-06-20T00:32:52+  ====== Start flake8-expandtab
2020-06-20T00:32:52+  ---- Attempt install
2020-06-20T00:32:53+  .. OK
2020-06-20T00:32:53+  ---- Attempt entry point retrieval
2020-06-20T00:32:53+  .. OK
2020-06-20T00:32:53+  ---- Uninstall package
2020-06-20T00:32:53+  .. OK
2020-06-20T00:32:53+  ====== Start flake8-expression-complexity
2020-06-20T00:32:53+  ---- Attempt install
2020-06-20T00:32:54+  .. OK
2020-06-20T00:32:54+  ---- Attempt entry point retrieval
2020-06-20T00:32:54+  .. OK
2020-06-20T00:32:54+  ---- Uninstall package
2020-06-20T00:32:55+  .. OK
2020-06-20T00:32:55+  ====== Start flake8-fancy-header
2020-06-20T00:32:55+  ---- Attempt install
2020-06-20T00:32:56+  .. OK
2020-06-20T00:32:56+  ---- Attempt entry point retrieval
2020-06-20T00:32:56+  .. OK
2020-06-20T00:32:56+  ---- Uninstall package
2020-06-20T00:32:56+  .. OK
2020-06-20T00:32:56+  ====== Start flake8-file-encoding
2020-06-20T00:32:56+  ---- Attempt install
2020-06-20T00:32:57+  .. OK
2020-06-20T00:32:57+  ---- Attempt entry point retrieval
2020-06-20T00:32:57+  .. OK
2020-06-20T00:32:57+  ---- Uninstall package
2020-06-20T00:32:57+  .. OK
2020-06-20T00:32:57+  ====== Start flake8-filename
2020-06-20T00:32:57+  ---- Attempt install
2020-06-20T00:32:58+  .. OK
2020-06-20T00:32:58+  ---- Attempt entry point retrieval
2020-06-20T00:32:58+  .. OK
2020-06-20T00:32:58+  ---- Uninstall package
2020-06-20T00:32:58+  .. OK
2020-06-20T00:32:58+  ====== Start flake8-fine-pytest
2020-06-20T00:32:58+  ---- Attempt install
2020-06-20T00:32:59+  .. OK
2020-06-20T00:32:59+  ---- Attempt entry point retrieval
2020-06-20T00:33:00+  .. OK
2020-06-20T00:33:00+  ---- Uninstall package
2020-06-20T00:33:00+  .. OK
2020-06-20T00:33:00+  ====== Start flake8-fixme
2020-06-20T00:33:00+  ---- Attempt install
2020-06-20T00:33:01+  .. OK
2020-06-20T00:33:01+  ---- Attempt entry point retrieval
2020-06-20T00:33:01+  .. OK
2020-06-20T00:33:01+  ---- Uninstall package
2020-06-20T00:33:01+  .. OK
2020-06-20T00:33:01+  ====== Start flake8-flask
2020-06-20T00:33:01+  ---- Attempt install
2020-06-20T00:33:02+  .. OK
2020-06-20T00:33:02+  ---- Attempt entry point retrieval
2020-06-20T00:33:02+  .. OK
2020-06-20T00:33:02+  ---- Uninstall package
2020-06-20T00:33:02+  .. OK
2020-06-20T00:33:02+  ====== Start flake8-format-ansi
2020-06-20T00:33:02+  ---- Attempt install
2020-06-20T00:33:03+  .. OK
2020-06-20T00:33:03+  ---- Attempt entry point retrieval
2020-06-20T00:33:04+  .. OK
2020-06-20T00:33:04+  ---- Uninstall package
2020-06-20T00:33:04+  .. OK
2020-06-20T00:33:04+  ====== Start flake8-formatter-abspath
2020-06-20T00:33:04+  ---- Attempt install
2020-06-20T00:33:05+  .. OK
2020-06-20T00:33:05+  ---- Attempt entry point retrieval
2020-06-20T00:33:05+  .. OK
2020-06-20T00:33:05+  ---- Uninstall package
2020-06-20T00:33:05+  .. OK
2020-06-20T00:33:05+  ====== Start flake8-formatter-junit-xml
2020-06-20T00:33:05+  ---- Attempt install
2020-06-20T00:33:06+  .. OK
2020-06-20T00:33:06+  ---- Attempt entry point retrieval
2020-06-20T00:33:06+  .. OK
2020-06-20T00:33:06+  ---- Uninstall package
2020-06-20T00:33:06+  .. OK
2020-06-20T00:33:06+  ====== Start flake8-functions
2020-06-20T00:33:06+  ---- Attempt install
2020-06-20T00:33:07+  .. OK
2020-06-20T00:33:07+  ---- Attempt entry point retrieval
2020-06-20T00:33:07+  .. OK
2020-06-20T00:33:07+  ---- Uninstall package
2020-06-20T00:33:07+  .. OK
2020-06-20T00:33:07+  ====== Start flake8-future
2020-06-20T00:33:07+  ---- Attempt install
2020-06-20T00:33:08+  .. OK
2020-06-20T00:33:08+  ---- Attempt entry point retrieval
2020-06-20T00:33:09+  .. OK
2020-06-20T00:33:09+  ---- Uninstall package
2020-06-20T00:33:09+  .. OK
2020-06-20T00:33:09+  ====== Start flake8-future-division
2020-06-20T00:33:09+  ---- Attempt install
2020-06-20T00:33:10+  .. OK
2020-06-20T00:33:10+  ---- Attempt entry point retrieval
2020-06-20T00:33:10+  .. OK
2020-06-20T00:33:10+  ---- Uninstall package
2020-06-20T00:33:11+  .. OK
2020-06-20T00:33:11+  ====== Start flake8futureimport
2020-06-20T00:33:11+  ---- Attempt install
2020-06-20T00:33:12+  .. FAILED (exit 1)
2020-06-20T00:33:12+  ---- SKIP entry point retrieval
2020-06-20T00:33:12+  ---- Uninstall package
2020-06-20T00:33:12+  .. OK
2020-06-20T00:33:12+  ====== Start flake8-future-import
2020-06-20T00:33:12+  ---- Attempt install
2020-06-20T00:33:13+  .. OK
2020-06-20T00:33:13+  ---- Attempt entry point retrieval
2020-06-20T00:33:13+  .. OK
2020-06-20T00:33:13+  ---- Uninstall package
2020-06-20T00:33:13+  .. OK
2020-06-20T00:33:13+  ====== Start flake8-gl-codeclimate
2020-06-20T00:33:13+  ---- Attempt install
2020-06-20T00:33:14+  .. OK
2020-06-20T00:33:14+  ---- Attempt entry point retrieval
2020-06-20T00:33:14+  .. OK
2020-06-20T00:33:14+  ---- Uninstall package
2020-06-20T00:33:15+  .. OK
2020-06-20T00:33:15+  ====== Start flake8-gramex
2020-06-20T00:33:15+  ---- Attempt install
2020-06-20T00:33:16+  .. OK
2020-06-20T00:33:16+  ---- Attempt entry point retrieval
2020-06-20T00:33:16+  .. OK
2020-06-20T00:33:16+  ---- Uninstall package
2020-06-20T00:33:16+  .. OK
2020-06-20T00:33:16+  ====== Start flake8-graphql
2020-06-20T00:33:16+  ---- Attempt install
2020-06-20T00:33:18+  .. OK
2020-06-20T00:33:18+  ---- Attempt entry point retrieval
2020-06-20T00:33:18+  .. OK
2020-06-20T00:33:18+  ---- Uninstall package
2020-06-20T00:33:18+  .. OK
2020-06-20T00:33:18+  ====== Start flake8-html
2020-06-20T00:33:18+  ---- Attempt install
2020-06-20T00:33:19+  .. OK
2020-06-20T00:33:19+  ---- Attempt entry point retrieval
2020-06-20T00:33:19+  .. OK
2020-06-20T00:33:19+  ---- Uninstall package
2020-06-20T00:33:19+  .. OK
2020-06-20T00:33:19+  ====== Start flake8-i18n
2020-06-20T00:33:19+  ---- Attempt install
2020-06-20T00:33:20+  .. OK
2020-06-20T00:33:20+  ---- Attempt entry point retrieval
2020-06-20T00:33:20+  .. OK
2020-06-20T00:33:20+  ---- Uninstall package
2020-06-20T00:33:21+  .. OK
2020-06-20T00:33:21+  ====== Start flake8-if-expr
2020-06-20T00:33:21+  ---- Attempt install
2020-06-20T00:33:21+  .. OK
2020-06-20T00:33:21+  ---- Attempt entry point retrieval
2020-06-20T00:33:22+  .. OK
2020-06-20T00:33:22+  ---- Uninstall package
2020-06-20T00:33:22+  .. OK
2020-06-20T00:33:22+  ====== Start flake8-if-statements
2020-06-20T00:33:22+  ---- Attempt install
2020-06-20T00:33:23+  .. OK
2020-06-20T00:33:23+  ---- Attempt entry point retrieval
2020-06-20T00:33:23+  .. OK
2020-06-20T00:33:23+  ---- Uninstall package
2020-06-20T00:33:23+  .. OK
2020-06-20T00:33:23+  ====== Start flake8-illegal-import
2020-06-20T00:33:23+  ---- Attempt install
2020-06-20T00:33:25+  .. OK
2020-06-20T00:33:25+  ---- Attempt entry point retrieval
2020-06-20T00:33:25+  .. OK
2020-06-20T00:33:25+  ---- Uninstall package
2020-06-20T00:33:25+  .. OK
2020-06-20T00:33:25+  ====== Start flake8-immediate
2020-06-20T00:33:25+  ---- Attempt install
2020-06-20T00:33:26+  .. OK
2020-06-20T00:33:26+  ---- Attempt entry point retrieval
2020-06-20T00:33:26+  .. OK
2020-06-20T00:33:26+  ---- Uninstall package
2020-06-20T00:33:27+  .. OK
2020-06-20T00:33:27+  ====== Start flake8-implicit-str-concat
2020-06-20T00:33:27+  ---- Attempt install
2020-06-20T00:33:27+  .. OK
2020-06-20T00:33:27+  ---- Attempt entry point retrieval
2020-06-20T00:33:28+  .. OK
2020-06-20T00:33:28+  ---- Uninstall package
2020-06-20T00:33:28+  .. OK
2020-06-20T00:33:28+  ====== Start flake8-import-graph
2020-06-20T00:33:28+  ---- Attempt install
2020-06-20T00:33:29+  .. OK
2020-06-20T00:33:29+  ---- Attempt entry point retrieval
2020-06-20T00:33:29+  .. OK
2020-06-20T00:33:29+  ---- Uninstall package
2020-06-20T00:33:30+  .. OK
2020-06-20T00:33:30+  ====== Start flake8importorder
2020-06-20T00:33:30+  ---- Attempt install
2020-06-20T00:33:31+  .. FAILED (exit 1)
2020-06-20T00:33:31+  ---- SKIP entry point retrieval
2020-06-20T00:33:31+  ---- Uninstall package
2020-06-20T00:33:31+  .. OK
2020-06-20T00:33:31+  ====== Start flake8-import-order
2020-06-20T00:33:31+  ---- Attempt install
2020-06-20T00:33:32+  .. OK
2020-06-20T00:33:32+  ---- Attempt entry point retrieval
2020-06-20T00:33:32+  .. OK
2020-06-20T00:33:32+  ---- Uninstall package
2020-06-20T00:33:32+  .. OK
2020-06-20T00:33:32+  ====== Start flake8-import-order-fuzeman
2020-06-20T00:33:32+  ---- Attempt install
2020-06-20T00:33:33+  .. OK
2020-06-20T00:33:33+  ---- Attempt entry point retrieval
2020-06-20T00:33:33+  .. OK
2020-06-20T00:33:33+  ---- Uninstall package
2020-06-20T00:33:33+  .. OK
2020-06-20T00:33:33+  ====== Start flake8-import-order-grok
2020-06-20T00:33:33+  ---- Attempt install
2020-06-20T00:33:34+  .. OK
2020-06-20T00:33:34+  ---- Attempt entry point retrieval
2020-06-20T00:33:34+  .. OK
2020-06-20T00:33:34+  ---- Uninstall package
2020-06-20T00:33:34+  .. OK
2020-06-20T00:33:34+  ====== Start flake8-import-order-jwodder
2020-06-20T00:33:34+  ---- Attempt install
2020-06-20T00:33:35+  .. OK
2020-06-20T00:33:35+  ---- Attempt entry point retrieval
2020-06-20T00:33:35+  .. OK
2020-06-20T00:33:35+  ---- Uninstall package
2020-06-20T00:33:36+  .. OK
2020-06-20T00:33:36+  ====== Start flake8-import-order-ruler501
2020-06-20T00:33:36+  ---- Attempt install
2020-06-20T00:33:36+  .. OK
2020-06-20T00:33:36+  ---- Attempt entry point retrieval
2020-06-20T00:33:36+  .. OK
2020-06-20T00:33:36+  ---- Uninstall package
2020-06-20T00:33:37+  .. OK
2020-06-20T00:33:37+  ====== Start flake8-import-order-spoqa
2020-06-20T00:33:37+  ---- Attempt install
2020-06-20T00:33:37+  .. OK
2020-06-20T00:33:37+  ---- Attempt entry point retrieval
2020-06-20T00:33:38+  .. OK
2020-06-20T00:33:38+  ---- Uninstall package
2020-06-20T00:33:38+  .. OK
2020-06-20T00:33:38+  ====== Start flake8-import-order-tbm
2020-06-20T00:33:38+  ---- Attempt install
2020-06-20T00:33:39+  .. OK
2020-06-20T00:33:39+  ---- Attempt entry point retrieval
2020-06-20T00:33:39+  .. OK
2020-06-20T00:33:39+  ---- Uninstall package
2020-06-20T00:33:39+  .. OK
2020-06-20T00:33:39+  ====== Start flake8-imports
2020-06-20T00:33:39+  ---- Attempt install
2020-06-20T00:33:40+  .. OK
2020-06-20T00:33:40+  ---- Attempt entry point retrieval
2020-06-20T00:33:40+  .. OK
2020-06-20T00:33:40+  ---- Uninstall package
2020-06-20T00:33:40+  .. OK
2020-06-20T00:33:40+  ====== Start flake8-import-single
2020-06-20T00:33:40+  ---- Attempt install
2020-06-20T00:33:41+  .. OK
2020-06-20T00:33:41+  ---- Attempt entry point retrieval
2020-06-20T00:33:41+  .. OK
2020-06-20T00:33:41+  ---- Uninstall package
2020-06-20T00:33:41+  .. OK
2020-06-20T00:33:41+  ====== Start flake8-import-style
2020-06-20T00:33:41+  ---- Attempt install
2020-06-20T00:33:43+  .. OK
2020-06-20T00:33:43+  ---- Attempt entry point retrieval
2020-06-20T00:33:43+  .. OK
2020-06-20T00:33:43+  ---- Uninstall package
2020-06-20T00:33:43+  .. OK
2020-06-20T00:33:43+  ====== Start flake8-intsights
2020-06-20T00:33:43+  ---- Attempt install
2020-06-20T00:33:44+  .. OK
2020-06-20T00:33:44+  ---- Attempt entry point retrieval
2020-06-20T00:33:44+  .. OK
2020-06-20T00:33:44+  ---- Uninstall package
2020-06-20T00:33:45+  .. OK
2020-06-20T00:33:45+  ====== Start flake8-invalid-escape-sequences
2020-06-20T00:33:45+  ---- Attempt install
2020-06-20T00:33:45+  .. OK
2020-06-20T00:33:45+  ---- Attempt entry point retrieval
2020-06-20T00:33:46+  .. OK
2020-06-20T00:33:46+  ---- Uninstall package
2020-06-20T00:33:46+  .. OK
2020-06-20T00:33:46+  ====== Start flake8isort
2020-06-20T00:33:46+  ---- Attempt install
2020-06-20T00:33:47+  .. FAILED (exit 1)
2020-06-20T00:33:47+  ---- SKIP entry point retrieval
2020-06-20T00:33:47+  ---- Uninstall package
2020-06-20T00:33:47+  .. OK
2020-06-20T00:33:47+  ====== Start flake8-isort
2020-06-20T00:33:47+  ---- Attempt install
2020-06-20T00:33:48+  .. OK
2020-06-20T00:33:48+  ---- Attempt entry point retrieval
2020-06-20T00:33:48+  .. OK
2020-06-20T00:33:48+  ---- Uninstall package
2020-06-20T00:33:49+  .. OK
2020-06-20T00:33:49+  ====== Start flake8-json
2020-06-20T00:33:49+  ---- Attempt install
2020-06-20T00:33:49+  .. OK
2020-06-20T00:33:49+  ---- Attempt entry point retrieval
2020-06-20T00:33:49+  .. OK
2020-06-20T00:33:49+  ---- Uninstall package
2020-06-20T00:33:50+  .. OK
2020-06-20T00:33:50+  ====== Start flake8junitreport
2020-06-20T00:33:50+  ---- Attempt install
2020-06-20T00:33:51+  .. FAILED (exit 1)
2020-06-20T00:33:51+  ---- SKIP entry point retrieval
2020-06-20T00:33:51+  ---- Uninstall package
2020-06-20T00:33:51+  .. OK
2020-06-20T00:33:51+  ====== Start flake8-junit-report
2020-06-20T00:33:51+  ---- Attempt install
2020-06-20T00:33:52+  .. OK
2020-06-20T00:33:52+  ---- Attempt entry point retrieval
2020-06-20T00:33:52+  .. OK
2020-06-20T00:33:52+  ---- Uninstall package
2020-06-20T00:33:53+  .. OK
2020-06-20T00:33:53+  ====== Start flake8-keyword-arguments
2020-06-20T00:33:53+  ---- Attempt install
2020-06-20T00:33:53+  .. OK
2020-06-20T00:33:53+  ---- Attempt entry point retrieval
2020-06-20T00:33:54+  .. OK
2020-06-20T00:33:54+  ---- Uninstall package
2020-06-20T00:33:54+  .. OK
2020-06-20T00:33:54+  ====== Start flake8-koles
2020-06-20T00:33:54+  ---- Attempt install
2020-06-20T00:33:55+  .. OK
2020-06-20T00:33:55+  ---- Attempt entry point retrieval
2020-06-20T00:33:55+  .. OK
2020-06-20T00:33:55+  ---- Uninstall package
2020-06-20T00:33:56+  .. OK
2020-06-20T00:33:56+  ====== Start flake8-kw-args
2020-06-20T00:33:56+  ---- Attempt install
2020-06-20T00:33:57+  .. OK
2020-06-20T00:33:57+  ---- Attempt entry point retrieval
2020-06-20T00:33:57+  .. OK
2020-06-20T00:33:57+  ---- Uninstall package
2020-06-20T00:33:57+  .. OK
2020-06-20T00:33:57+  ====== Start flake8-libfaketime
2020-06-20T00:33:57+  ---- Attempt install
2020-06-20T00:33:58+  .. OK
2020-06-20T00:33:58+  ---- Attempt entry point retrieval
2020-06-20T00:33:58+  .. OK
2020-06-20T00:33:58+  ---- Uninstall package
2020-06-20T00:33:58+  .. OK
2020-06-20T00:33:58+  ====== Start flake8-license
2020-06-20T00:33:58+  ---- Attempt install
2020-06-20T00:34:00+  .. OK
2020-06-20T00:34:00+  ---- Attempt entry point retrieval
2020-06-20T00:34:00+  .. OK
2020-06-20T00:34:00+  ---- Uninstall package
2020-06-20T00:34:00+  .. OK
2020-06-20T00:34:00+  ====== Start flake8-lineleak
2020-06-20T00:34:00+  ---- Attempt install
2020-06-20T00:34:01+  .. OK
2020-06-20T00:34:01+  ---- Attempt entry point retrieval
2020-06-20T00:34:01+  .. OK
2020-06-20T00:34:01+  ---- Uninstall package
2020-06-20T00:34:01+  .. OK
2020-06-20T00:34:01+  ====== Start flake8-linenumber
2020-06-20T00:34:01+  ---- Attempt install
2020-06-20T00:34:02+  .. OK
2020-06-20T00:34:02+  ---- Attempt entry point retrieval
2020-06-20T00:34:02+  .. OK
2020-06-20T00:34:02+  ---- Uninstall package
2020-06-20T00:34:02+  .. OK
2020-06-20T00:34:02+  ====== Start flake8-literal
2020-06-20T00:34:02+  ---- Attempt install
2020-06-20T00:34:03+  .. OK
2020-06-20T00:34:03+  ---- Attempt entry point retrieval
2020-06-20T00:34:03+  .. OK
2020-06-20T00:34:03+  ---- Uninstall package
2020-06-20T00:34:04+  .. OK
2020-06-20T00:34:04+  ====== Start flake8-logging-format
2020-06-20T00:34:04+  ---- Attempt install
2020-06-20T00:34:05+  .. OK
2020-06-20T00:34:05+  ---- Attempt entry point retrieval
2020-06-20T00:34:05+  .. OK
2020-06-20T00:34:05+  ---- Uninstall package
2020-06-20T00:34:05+  .. OK
2020-06-20T00:34:05+  ====== Start flake8-markdown
2020-06-20T00:34:05+  ---- Attempt install
2020-06-20T00:34:06+  .. OK
2020-06-20T00:34:06+  ---- Attempt entry point retrieval
2020-06-20T00:34:06+  .. OK
2020-06-20T00:34:06+  ---- Uninstall package
2020-06-20T00:34:07+  .. OK
2020-06-20T00:34:07+  ====== Start flake8-meiqia
2020-06-20T00:34:07+  ---- Attempt install
2020-06-20T00:34:07+  .. OK
2020-06-20T00:34:07+  ---- Attempt entry point retrieval
2020-06-20T00:34:07+  .. OK
2020-06-20T00:34:07+  ---- Uninstall package
2020-06-20T00:34:08+  .. OK
2020-06-20T00:34:08+  ====== Start flake8mock
2020-06-20T00:34:08+  ---- Attempt install
2020-06-20T00:34:09+  .. FAILED (exit 1)
2020-06-20T00:34:09+  ---- SKIP entry point retrieval
2020-06-20T00:34:09+  ---- Uninstall package
2020-06-20T00:34:09+  .. OK
2020-06-20T00:34:09+  ====== Start flake8-mock
2020-06-20T00:34:09+  ---- Attempt install
2020-06-20T00:34:10+  .. OK
2020-06-20T00:34:10+  ---- Attempt entry point retrieval
2020-06-20T00:34:10+  .. OK
2020-06-20T00:34:10+  ---- Uninstall package
2020-06-20T00:34:11+  .. OK
2020-06-20T00:34:11+  ====== Start flake8-module-imports
2020-06-20T00:34:11+  ---- Attempt install
2020-06-20T00:34:12+  .. OK
2020-06-20T00:34:12+  ---- Attempt entry point retrieval
2020-06-20T00:34:12+  .. OK
2020-06-20T00:34:12+  ---- Uninstall package
2020-06-20T00:34:12+  .. OK
2020-06-20T00:34:12+  ====== Start flake8-module-name
2020-06-20T00:34:12+  ---- Attempt install
2020-06-20T00:34:13+  .. OK
2020-06-20T00:34:13+  ---- Attempt entry point retrieval
2020-06-20T00:34:13+  .. OK
2020-06-20T00:34:13+  ---- Uninstall package
2020-06-20T00:34:13+  .. OK
2020-06-20T00:34:13+  ====== Start flake8-multiline-containers
2020-06-20T00:34:13+  ---- Attempt install
2020-06-20T00:34:14+  .. OK
2020-06-20T00:34:14+  ---- Attempt entry point retrieval
2020-06-20T00:34:14+  .. OK
2020-06-20T00:34:14+  ---- Uninstall package
2020-06-20T00:34:14+  .. OK
2020-06-20T00:34:14+  ====== Start flake8mutable
2020-06-20T00:34:14+  ---- Attempt install
2020-06-20T00:34:16+  .. FAILED (exit 1)
2020-06-20T00:34:16+  ---- SKIP entry point retrieval
2020-06-20T00:34:16+  ---- Uninstall package
2020-06-20T00:34:16+  .. OK
2020-06-20T00:34:16+  ====== Start flake8-mutable
2020-06-20T00:34:16+  ---- Attempt install
2020-06-20T00:34:17+  .. OK
2020-06-20T00:34:17+  ---- Attempt entry point retrieval
2020-06-20T00:34:17+  .. OK
2020-06-20T00:34:17+  ---- Uninstall package
2020-06-20T00:34:18+  .. OK
2020-06-20T00:34:18+  ====== Start flake8-mypy
2020-06-20T00:34:18+  ---- Attempt install
2020-06-20T00:34:19+  .. OK
2020-06-20T00:34:19+  ---- Attempt entry point retrieval
2020-06-20T00:34:19+  .. OK
2020-06-20T00:34:19+  ---- Uninstall package
2020-06-20T00:34:19+  .. OK
2020-06-20T00:34:19+  ====== Start flake8-mypy-fork
2020-06-20T00:34:19+  ---- Attempt install
2020-06-20T00:34:20+  .. OK
2020-06-20T00:34:20+  ---- Attempt entry point retrieval
2020-06-20T00:34:20+  .. OK
2020-06-20T00:34:20+  ---- Uninstall package
2020-06-20T00:34:20+  .. OK
2020-06-20T00:34:20+  ====== Start flake8-naming
2020-06-20T00:34:20+  ---- Attempt install
2020-06-20T00:34:21+  .. FAILED (exit 1)
2020-06-20T00:34:21+  ---- SKIP entry point retrieval
2020-06-20T00:34:21+  ---- Uninstall package
2020-06-20T00:34:21+  .. OK
2020-06-20T00:34:21+  ====== Start flake8-nb
2020-06-20T00:34:21+  ---- Attempt install
2020-06-20T00:34:22+  .. OK
2020-06-20T00:34:22+  ---- Attempt entry point retrieval
2020-06-20T00:34:22+  .. OK
2020-06-20T00:34:22+  ---- Uninstall package
2020-06-20T00:34:22+  .. OK
2020-06-20T00:34:22+  ====== Start flake8-network-timeout
2020-06-20T00:34:22+  ---- Attempt install
2020-06-20T00:34:23+  .. OK
2020-06-20T00:34:23+  ---- Attempt entry point retrieval
2020-06-20T00:34:23+  .. OK
2020-06-20T00:34:23+  ---- Uninstall package
2020-06-20T00:34:24+  .. OK
2020-06-20T00:34:24+  ====== Start flake8-nitpick
2020-06-20T00:34:24+  ---- Attempt install
2020-06-20T00:34:24+  .. OK
2020-06-20T00:34:24+  ---- Attempt entry point retrieval
2020-06-20T00:34:24+  .. OK
2020-06-20T00:34:24+  ---- Uninstall package
2020-06-20T00:34:25+  .. OK
2020-06-20T00:34:25+  ====== Start flake8-no-fstring
2020-06-20T00:34:25+  ---- Attempt install
2020-06-20T00:34:26+  .. OK
2020-06-20T00:34:26+  ---- Attempt entry point retrieval
2020-06-20T00:34:26+  .. OK
2020-06-20T00:34:26+  ---- Uninstall package
2020-06-20T00:34:26+  .. OK
2020-06-20T00:34:26+  ====== Start flake8-no-implicit-concat
2020-06-20T00:34:26+  ---- Attempt install
2020-06-20T00:34:27+  .. OK
2020-06-20T00:34:27+  ---- Attempt entry point retrieval
2020-06-20T00:34:27+  .. OK
2020-06-20T00:34:27+  ---- Uninstall package
2020-06-20T00:34:28+  .. OK
2020-06-20T00:34:28+  ====== Start flake8-noqa
2020-06-20T00:34:28+  ---- Attempt install
2020-06-20T00:34:28+  .. OK
2020-06-20T00:34:28+  ---- Attempt entry point retrieval
2020-06-20T00:34:28+  .. OK
2020-06-20T00:34:28+  ---- Uninstall package
2020-06-20T00:34:29+  .. OK
2020-06-20T00:34:29+  ====== Start flake8-no-types
2020-06-20T00:34:29+  ---- Attempt install
2020-06-20T00:34:29+  .. OK
2020-06-20T00:34:29+  ---- Attempt entry point retrieval
2020-06-20T00:34:29+  .. OK
2020-06-20T00:34:30+  ---- Uninstall package
2020-06-20T00:34:30+  .. OK
2020-06-20T00:34:30+  ====== Start flake8-no-u-prefixed-strings
2020-06-20T00:34:30+  ---- Attempt install
2020-06-20T00:34:31+  .. OK
2020-06-20T00:34:31+  ---- Attempt entry point retrieval
2020-06-20T00:34:31+  .. OK
2020-06-20T00:34:31+  ---- Uninstall package
2020-06-20T00:34:31+  .. OK
2020-06-20T00:34:31+  ====== Start flake8-oist-steps
2020-06-20T00:34:31+  ---- Attempt install
2020-06-20T00:34:33+  .. OK
2020-06-20T00:34:33+  ---- Attempt entry point retrieval
2020-06-20T00:34:33+  .. OK
2020-06-20T00:34:33+  ---- Uninstall package
2020-06-20T00:34:33+  .. OK
2020-06-20T00:34:33+  ====== Start flake8-os-walk
2020-06-20T00:34:33+  ---- Attempt install
2020-06-20T00:34:34+  .. OK
2020-06-20T00:34:34+  ---- Attempt entry point retrieval
2020-06-20T00:34:34+  .. OK
2020-06-20T00:34:34+  ---- Uninstall package
2020-06-20T00:34:34+  .. OK
2020-06-20T00:34:34+  ====== Start flake8-ownership
2020-06-20T00:34:34+  ---- Attempt install
2020-06-20T00:34:35+  .. OK
2020-06-20T00:34:35+  ---- Attempt entry point retrieval
2020-06-20T00:34:36+  .. OK
2020-06-20T00:34:36+  ---- Uninstall package
2020-06-20T00:34:36+  .. OK
2020-06-20T00:34:36+  ====== Start flake8-pantsbuild
2020-06-20T00:34:36+  ---- Attempt install
2020-06-20T00:34:37+  .. OK
2020-06-20T00:34:37+  ---- Attempt entry point retrieval
2020-06-20T00:34:37+  .. OK
2020-06-20T00:34:37+  ---- Uninstall package
2020-06-20T00:34:37+  .. OK
2020-06-20T00:34:37+  ====== Start flake8parser
2020-06-20T00:34:37+  ---- Attempt install
2020-06-20T00:34:38+  .. OK
2020-06-20T00:34:38+  ---- Attempt entry point retrieval
2020-06-20T00:34:38+  .. OK
2020-06-20T00:34:38+  ---- Uninstall package
2020-06-20T00:34:38+  .. OK
2020-06-20T00:34:38+  ====== Start flake8-patch-decorator-unleashed
2020-06-20T00:34:38+  ---- Attempt install
2020-06-20T00:34:39+  .. OK
2020-06-20T00:34:39+  ---- Attempt entry point retrieval
2020-06-20T00:34:40+  .. OK
2020-06-20T00:34:40+  ---- Uninstall package
2020-06-20T00:34:40+  .. OK
2020-06-20T00:34:40+  ====== Start flake8-pep257
2020-06-20T00:34:40+  ---- Attempt install
2020-06-20T00:34:41+  .. OK
2020-06-20T00:34:41+  ---- Attempt entry point retrieval
2020-06-20T00:34:41+  .. OK
2020-06-20T00:34:41+  ---- Uninstall package
2020-06-20T00:34:42+  .. OK
2020-06-20T00:34:42+  ====== Start flake8pep3101
2020-06-20T00:34:42+  ---- Attempt install
2020-06-20T00:34:43+  .. FAILED (exit 1)
2020-06-20T00:34:43+  ---- SKIP entry point retrieval
2020-06-20T00:34:43+  ---- Uninstall package
2020-06-20T00:34:43+  .. OK
2020-06-20T00:34:43+  ====== Start flake8-pep3101
2020-06-20T00:34:43+  ---- Attempt install
2020-06-20T00:34:44+  .. OK
2020-06-20T00:34:44+  ---- Attempt entry point retrieval
2020-06-20T00:34:44+  .. OK
2020-06-20T00:34:44+  ---- Uninstall package
2020-06-20T00:34:44+  .. OK
2020-06-20T00:34:44+  ====== Start flake8perfileignores
2020-06-20T00:34:44+  ---- Attempt install
2020-06-20T00:34:45+  .. FAILED (exit 1)
2020-06-20T00:34:45+  ---- SKIP entry point retrieval
2020-06-20T00:34:45+  ---- Uninstall package
2020-06-20T00:34:46+  .. OK
2020-06-20T00:34:46+  ====== Start flake8-per-file-ignores
2020-06-20T00:34:46+  ---- Attempt install
2020-06-20T00:34:46+  .. OK
2020-06-20T00:34:46+  ---- Attempt entry point retrieval
2020-06-20T00:34:46+  .. OK
2020-06-20T00:34:46+  ---- Uninstall package
2020-06-20T00:34:47+  .. OK
2020-06-20T00:34:47+  ====== Start flake8-phabricator-formatter
2020-06-20T00:34:47+  ---- Attempt install
2020-06-20T00:34:47+  .. OK
2020-06-20T00:34:47+  ---- Attempt entry point retrieval
2020-06-20T00:34:48+  .. OK
2020-06-20T00:34:48+  ---- Uninstall package
2020-06-20T00:34:48+  .. OK
2020-06-20T00:34:48+  ====== Start flake8-pie
2020-06-20T00:34:48+  ---- Attempt install
2020-06-20T00:34:49+  .. OK
2020-06-20T00:34:49+  ---- Attempt entry point retrieval
2020-06-20T00:34:49+  .. OK
2020-06-20T00:34:49+  ---- Uninstall package
2020-06-20T00:34:49+  .. OK
2020-06-20T00:34:49+  ====== Start flake8-plone-api
2020-06-20T00:34:49+  ---- Attempt install
2020-06-20T00:34:50+  .. OK
2020-06-20T00:34:50+  ---- Attempt entry point retrieval
2020-06-20T00:34:50+  .. OK
2020-06-20T00:34:50+  ---- Uninstall package
2020-06-20T00:34:50+  .. OK
2020-06-20T00:34:50+  ====== Start flake8-plone-hasattr
2020-06-20T00:34:50+  ---- Attempt install
2020-06-20T00:34:51+  .. OK
2020-06-20T00:34:51+  ---- Attempt entry point retrieval
2020-06-20T00:34:51+  .. OK
2020-06-20T00:34:51+  ---- Uninstall package
2020-06-20T00:34:51+  .. OK
2020-06-20T00:34:51+  ====== Start flake8-plugin-utils
2020-06-20T00:34:51+  ---- Attempt install
2020-06-20T00:34:52+  .. OK
2020-06-20T00:34:52+  ---- Attempt entry point retrieval
2020-06-20T00:34:52+  .. OK
2020-06-20T00:34:52+  ---- Uninstall package
2020-06-20T00:34:53+  .. OK
2020-06-20T00:34:53+  ====== Start flake8polyfill
2020-06-20T00:34:53+  ---- Attempt install
2020-06-20T00:34:54+  .. FAILED (exit 1)
2020-06-20T00:34:54+  ---- SKIP entry point retrieval
2020-06-20T00:34:54+  ---- Uninstall package
2020-06-20T00:34:54+  .. OK
2020-06-20T00:34:54+  ====== Start flake8-polyfill
2020-06-20T00:34:54+  ---- Attempt install
2020-06-20T00:34:55+  .. OK
2020-06-20T00:34:55+  ---- Attempt entry point retrieval
2020-06-20T00:34:55+  .. OK
2020-06-20T00:34:55+  ---- Uninstall package
2020-06-20T00:34:55+  .. OK
2020-06-20T00:34:55+  ====== Start flake8-prevent-fails
2020-06-20T00:34:55+  ---- Attempt install
2020-06-20T00:34:56+  .. OK
2020-06-20T00:34:56+  ---- Attempt entry point retrieval
2020-06-20T00:34:56+  .. OK
2020-06-20T00:34:56+  ---- Uninstall package
2020-06-20T00:34:57+  .. OK
2020-06-20T00:34:57+  ====== Start flake8print
2020-06-20T00:34:57+  ---- Attempt install
2020-06-20T00:34:58+  .. FAILED (exit 1)
2020-06-20T00:34:58+  ---- SKIP entry point retrieval
2020-06-20T00:34:58+  ---- Uninstall package
2020-06-20T00:34:58+  .. OK
2020-06-20T00:34:58+  ====== Start flake8-print
2020-06-20T00:34:58+  ---- Attempt install
2020-06-20T00:34:59+  .. OK
2020-06-20T00:34:59+  ---- Attempt entry point retrieval
2020-06-20T00:35:00+  .. OK
2020-06-20T00:35:00+  ---- Uninstall package
2020-06-20T00:35:00+  .. OK
2020-06-20T00:35:00+  ====== Start flake8-printf-formatting
2020-06-20T00:35:00+  ---- Attempt install
2020-06-20T00:35:01+  .. OK
2020-06-20T00:35:01+  ---- Attempt entry point retrieval
2020-06-20T00:35:01+  .. OK
2020-06-20T00:35:01+  ---- Uninstall package
2020-06-20T00:35:01+  .. OK
2020-06-20T00:35:01+  ====== Start flake8-profiles
2020-06-20T00:35:01+  ---- Attempt install
2020-06-20T00:35:02+  .. OK
2020-06-20T00:35:02+  ---- Attempt entry point retrieval
2020-06-20T00:35:02+  .. OK
2020-06-20T00:35:02+  ---- Uninstall package
2020-06-20T00:35:03+  .. OK
2020-06-20T00:35:03+  ====== Start flake8-prometheus-metrics-name
2020-06-20T00:35:03+  ---- Attempt install
2020-06-20T00:35:03+  .. OK
2020-06-20T00:35:03+  ---- Attempt entry point retrieval
2020-06-20T00:35:04+  .. OK
2020-06-20T00:35:04+  ---- Uninstall package
2020-06-20T00:35:04+  .. OK
2020-06-20T00:35:04+  ====== Start flake8-putty
2020-06-20T00:35:04+  ---- Attempt install
2020-06-20T00:35:05+  .. OK
2020-06-20T00:35:05+  ---- Attempt entry point retrieval
2020-06-20T00:35:05+  .. OK
2020-06-20T00:35:05+  ---- Uninstall package
2020-06-20T00:35:06+  .. OK
2020-06-20T00:35:06+  ====== Start flake8-pyi
2020-06-20T00:35:06+  ---- Attempt install
2020-06-20T00:35:06+  .. OK
2020-06-20T00:35:06+  ---- Attempt entry point retrieval
2020-06-20T00:35:07+  .. OK
2020-06-20T00:35:07+  ---- Uninstall package
2020-06-20T00:35:07+  .. OK
2020-06-20T00:35:07+  ====== Start flake8-pytest
2020-06-20T00:35:07+  ---- Attempt install
2020-06-20T00:35:08+  .. OK
2020-06-20T00:35:08+  ---- Attempt entry point retrieval
2020-06-20T00:35:08+  .. OK
2020-06-20T00:35:08+  ---- Uninstall package
2020-06-20T00:35:08+  .. OK
2020-06-20T00:35:08+  ====== Start flake8-pytest-mark
2020-06-20T00:35:08+  ---- Attempt install
2020-06-20T00:35:09+  .. OK
2020-06-20T00:35:09+  ---- Attempt entry point retrieval
2020-06-20T00:35:09+  .. OK
2020-06-20T00:35:09+  ---- Uninstall package
2020-06-20T00:35:09+  .. OK
2020-06-20T00:35:09+  ====== Start flake8-pytestrail
2020-06-20T00:35:09+  ---- Attempt install
2020-06-20T00:35:10+  .. OK
2020-06-20T00:35:10+  ---- Attempt entry point retrieval
2020-06-20T00:35:10+  .. OK
2020-06-20T00:35:10+  ---- Uninstall package
2020-06-20T00:35:10+  .. OK
2020-06-20T00:35:10+  ====== Start flake8-pytest-style
2020-06-20T00:35:10+  ---- Attempt install
2020-06-20T00:35:11+  .. OK
2020-06-20T00:35:11+  ---- Attempt entry point retrieval
2020-06-20T00:35:11+  .. OK
2020-06-20T00:35:11+  ---- Uninstall package
2020-06-20T00:35:12+  .. OK
2020-06-20T00:35:12+  ====== Start flake8quotes
2020-06-20T00:35:12+  ---- Attempt install
2020-06-20T00:35:13+  .. FAILED (exit 1)
2020-06-20T00:35:13+  ---- SKIP entry point retrieval
2020-06-20T00:35:13+  ---- Uninstall package
2020-06-20T00:35:13+  .. OK
2020-06-20T00:35:13+  ====== Start flake8-quotes
2020-06-20T00:35:13+  ---- Attempt install
2020-06-20T00:35:14+  .. OK
2020-06-20T00:35:14+  ---- Attempt entry point retrieval
2020-06-20T00:35:14+  .. OK
2020-06-20T00:35:14+  ---- Uninstall package
2020-06-20T00:35:15+  .. OK
2020-06-20T00:35:15+  ====== Start flake8-quotes2
2020-06-20T00:35:15+  ---- Attempt install
2020-06-20T00:35:16+  .. OK
2020-06-20T00:35:16+  ---- Attempt entry point retrieval
2020-06-20T00:35:16+  .. OK
2020-06-20T00:35:16+  ---- Uninstall package
2020-06-20T00:35:16+  .. OK
2020-06-20T00:35:16+  ====== Start flake8-raise
2020-06-20T00:35:16+  ---- Attempt install
2020-06-20T00:35:17+  .. OK
2020-06-20T00:35:17+  ---- Attempt entry point retrieval
2020-06-20T00:35:17+  .. OK
2020-06-20T00:35:17+  ---- Uninstall package
2020-06-20T00:35:17+  .. OK
2020-06-20T00:35:17+  ====== Start flake8-regex
2020-06-20T00:35:17+  ---- Attempt install
2020-06-20T00:35:18+  .. OK
2020-06-20T00:35:18+  ---- Attempt entry point retrieval
2020-06-20T00:35:18+  .. OK
2020-06-20T00:35:18+  ---- Uninstall package
2020-06-20T00:35:19+  .. OK
2020-06-20T00:35:19+  ====== Start flake8-requests
2020-06-20T00:35:19+  ---- Attempt install
2020-06-20T00:35:20+  .. OK
2020-06-20T00:35:20+  ---- Attempt entry point retrieval
2020-06-20T00:35:20+  .. OK
2020-06-20T00:35:20+  ---- Uninstall package
2020-06-20T00:35:20+  .. OK
2020-06-20T00:35:20+  ====== Start flake8-requirements
2020-06-20T00:35:20+  ---- Attempt install
2020-06-20T00:35:21+  .. OK
2020-06-20T00:35:21+  ---- Attempt entry point retrieval
2020-06-20T00:35:21+  .. OK
2020-06-20T00:35:21+  ---- Uninstall package
2020-06-20T00:35:21+  .. OK
2020-06-20T00:35:21+  ====== Start flake8-respect-noqa
2020-06-20T00:35:21+  ---- Attempt install
2020-06-20T00:35:22+  .. OK
2020-06-20T00:35:22+  ---- Attempt entry point retrieval
2020-06-20T00:35:22+  .. OK
2020-06-20T00:35:22+  ---- Uninstall package
2020-06-20T00:35:23+  .. OK
2020-06-20T00:35:23+  ====== Start flake8-return
2020-06-20T00:35:23+  ---- Attempt install
2020-06-20T00:35:23+  .. OK
2020-06-20T00:35:23+  ---- Attempt entry point retrieval
2020-06-20T00:35:24+  .. OK
2020-06-20T00:35:24+  ---- Uninstall package
2020-06-20T00:35:24+  .. OK
2020-06-20T00:35:24+  ====== Start flake8-rewriter
2020-06-20T00:35:24+  ---- Attempt install
2020-06-20T00:35:25+  .. OK
2020-06-20T00:35:25+  ---- Attempt entry point retrieval
2020-06-20T00:35:25+  .. OK
2020-06-20T00:35:25+  ---- Uninstall package
2020-06-20T00:35:25+  .. OK
2020-06-20T00:35:25+  ====== Start flake8-rst
2020-06-20T00:35:25+  ---- Attempt install
2020-06-20T00:35:26+  .. OK
2020-06-20T00:35:26+  ---- Attempt entry point retrieval
2020-06-20T00:35:26+  .. OK
2020-06-20T00:35:26+  ---- Uninstall package
2020-06-20T00:35:26+  .. OK
2020-06-20T00:35:26+  ====== Start flake8-rst-docstrings
2020-06-20T00:35:26+  ---- Attempt install
2020-06-20T00:35:27+  .. OK
2020-06-20T00:35:27+  ---- Attempt entry point retrieval
2020-06-20T00:35:27+  .. OK
2020-06-20T00:35:27+  ---- Uninstall package
2020-06-20T00:35:28+  .. OK
2020-06-20T00:35:28+  ====== Start flake8-scrapy
2020-06-20T00:35:28+  ---- Attempt install
2020-06-20T00:35:29+  .. OK
2020-06-20T00:35:29+  ---- Attempt entry point retrieval
2020-06-20T00:35:29+  .. OK
2020-06-20T00:35:29+  ---- Uninstall package
2020-06-20T00:35:29+  .. OK
2020-06-20T00:35:29+  ====== Start flake8-self
2020-06-20T00:35:29+  ---- Attempt install
2020-06-20T00:35:30+  .. OK
2020-06-20T00:35:30+  ---- Attempt entry point retrieval
2020-06-20T00:35:30+  .. OK
2020-06-20T00:35:30+  ---- Uninstall package
2020-06-20T00:35:30+  .. OK
2020-06-20T00:35:30+  ====== Start flake8-setuptools
2020-06-20T00:35:30+  ---- Attempt install
2020-06-20T00:35:31+  .. FAILED (exit 1)
2020-06-20T00:35:31+  ---- SKIP entry point retrieval
2020-06-20T00:35:31+  ---- Uninstall package
2020-06-20T00:35:31+  .. OK
2020-06-20T00:35:31+  ====== Start flake8-sfs
2020-06-20T00:35:31+  ---- Attempt install
2020-06-20T00:35:32+  .. OK
2020-06-20T00:35:32+  ---- Attempt entry point retrieval
2020-06-20T00:35:32+  .. OK
2020-06-20T00:35:32+  ---- Uninstall package
2020-06-20T00:35:33+  .. OK
2020-06-20T00:35:33+  ====== Start flake8-single-quotes
2020-06-20T00:35:33+  ---- Attempt install
2020-06-20T00:35:38+  .. FAILED (exit 1)
2020-06-20T00:35:38+  ---- SKIP entry point retrieval
2020-06-20T00:35:38+  ---- Uninstall package
2020-06-20T00:35:38+  .. OK
2020-06-20T00:35:38+  ====== Start flake8-snippets
2020-06-20T00:35:38+  ---- Attempt install
2020-06-20T00:35:39+  .. OK
2020-06-20T00:35:39+  ---- Attempt entry point retrieval
2020-06-20T00:35:39+  .. OK
2020-06-20T00:35:39+  ---- Uninstall package
2020-06-20T00:35:40+  .. OK
2020-06-20T00:35:40+  ====== Start flake8-sorted-keys
2020-06-20T00:35:40+  ---- Attempt install
2020-06-20T00:35:40+  .. OK
2020-06-20T00:35:40+  ---- Attempt entry point retrieval
2020-06-20T00:35:41+  .. OK
2020-06-20T00:35:41+  ---- Uninstall package
2020-06-20T00:35:41+  .. OK
2020-06-20T00:35:41+  ====== Start flake8-spaces-around-constants
2020-06-20T00:35:41+  ---- Attempt install
2020-06-20T00:35:42+  .. OK
2020-06-20T00:35:42+  ---- Attempt entry point retrieval
2020-06-20T00:35:42+  .. OK
2020-06-20T00:35:42+  ---- Uninstall package
2020-06-20T00:35:42+  .. OK
2020-06-20T00:35:42+  ====== Start flake8-spellcheck
2020-06-20T00:35:42+  ---- Attempt install
2020-06-20T00:35:43+  .. OK
2020-06-20T00:35:43+  ---- Attempt entry point retrieval
2020-06-20T00:35:43+  .. OK
2020-06-20T00:35:43+  ---- Uninstall package
2020-06-20T00:35:43+  .. OK
2020-06-20T00:35:43+  ====== Start flake8-sql
2020-06-20T00:35:43+  ---- Attempt install
2020-06-20T00:35:44+  .. OK
2020-06-20T00:35:44+  ---- Attempt entry point retrieval
2020-06-20T00:35:44+  .. OK
2020-06-20T00:35:44+  ---- Uninstall package
2020-06-20T00:35:45+  .. OK
2020-06-20T00:35:45+  ====== Start flake8-strftime
2020-06-20T00:35:45+  ---- Attempt install
2020-06-20T00:35:45+  .. OK
2020-06-20T00:35:45+  ---- Attempt entry point retrieval
2020-06-20T00:35:45+  .. OK
2020-06-20T00:35:45+  ---- Uninstall package
2020-06-20T00:35:46+  .. OK
2020-06-20T00:35:46+  ====== Start flake8-strict
2020-06-20T00:35:46+  ---- Attempt install
2020-06-20T00:35:46+  .. OK
2020-06-20T00:35:46+  ---- Attempt entry point retrieval
2020-06-20T00:35:46+  .. OK
2020-06-20T00:35:46+  ---- Uninstall package
2020-06-20T00:35:47+  .. OK
2020-06-20T00:35:47+  ====== Start flake8-string-format
2020-06-20T00:35:47+  ---- Attempt install
2020-06-20T00:35:47+  .. OK
2020-06-20T00:35:47+  ---- Attempt entry point retrieval
2020-06-20T00:35:47+  .. OK
2020-06-20T00:35:47+  ---- Uninstall package
2020-06-20T00:35:48+  .. OK
2020-06-20T00:35:48+  ====== Start flake8-strings
2020-06-20T00:35:48+  ---- Attempt install
2020-06-20T00:35:49+  .. OK
2020-06-20T00:35:49+  ---- Attempt entry point retrieval
2020-06-20T00:35:49+  .. OK
2020-06-20T00:35:49+  ---- Uninstall package
2020-06-20T00:35:49+  .. OK
2020-06-20T00:35:49+  ====== Start flake8-super-call
2020-06-20T00:35:49+  ---- Attempt install
2020-06-20T00:35:50+  .. OK
2020-06-20T00:35:50+  ---- Attempt entry point retrieval
2020-06-20T00:35:50+  .. OK
2020-06-20T00:35:50+  ---- Uninstall package
2020-06-20T00:35:50+  .. OK
2020-06-20T00:35:50+  ====== Start flake8-super-mario
2020-06-20T00:35:50+  ---- Attempt install
2020-06-20T00:35:51+  .. OK
2020-06-20T00:35:51+  ---- Attempt entry point retrieval
2020-06-20T00:35:51+  .. OK
2020-06-20T00:35:51+  ---- Uninstall package
2020-06-20T00:35:52+  .. OK
2020-06-20T00:35:52+  ====== Start flake8-svg-badge
2020-06-20T00:35:52+  ---- Attempt install
2020-06-20T00:35:52+  .. OK
2020-06-20T00:35:52+  ---- Attempt entry point retrieval
2020-06-20T00:35:53+  .. OK
2020-06-20T00:35:53+  ---- Uninstall package
2020-06-20T00:35:53+  .. OK
2020-06-20T00:35:53+  ====== Start flake8-tabs
2020-06-20T00:35:53+  ---- Attempt install
2020-06-20T00:35:54+  .. OK
2020-06-20T00:35:54+  ---- Attempt entry point retrieval
2020-06-20T00:35:54+  .. OK
2020-06-20T00:35:54+  ---- Uninstall package
2020-06-20T00:35:54+  .. OK
2020-06-20T00:35:54+  ====== Start flake8-tidy-imports
2020-06-20T00:35:54+  ---- Attempt install
2020-06-20T00:35:55+  .. OK
2020-06-20T00:35:55+  ---- Attempt entry point retrieval
2020-06-20T00:35:55+  .. OK
2020-06-20T00:35:55+  ---- Uninstall package
2020-06-20T00:35:55+  .. OK
2020-06-20T00:35:55+  ====== Start flake8-time-sleep
2020-06-20T00:35:55+  ---- Attempt install
2020-06-20T00:35:56+  .. FAILED (exit 1)
2020-06-20T00:35:56+  ---- SKIP entry point retrieval
2020-06-20T00:35:56+  ---- Uninstall package
2020-06-20T00:35:56+  .. OK
2020-06-20T00:35:56+  ====== Start flake8-todo
2020-06-20T00:35:56+  ---- Attempt install
2020-06-20T00:35:57+  .. OK
2020-06-20T00:35:57+  ---- Attempt entry point retrieval
2020-06-20T00:35:57+  .. OK
2020-06-20T00:35:57+  ---- Uninstall package
2020-06-20T00:35:58+  .. OK
2020-06-20T00:35:58+  ====== Start flake8-todos
2020-06-20T00:35:58+  ---- Attempt install
2020-06-20T00:35:59+  .. OK
2020-06-20T00:35:59+  ---- Attempt entry point retrieval
2020-06-20T00:35:59+  .. OK
2020-06-20T00:35:59+  ---- Uninstall package
2020-06-20T00:35:59+  .. OK
2020-06-20T00:35:59+  ====== Start flake8-todo-ticket
2020-06-20T00:35:59+  ---- Attempt install
2020-06-20T00:36:00+  .. OK
2020-06-20T00:36:00+  ---- Attempt entry point retrieval
2020-06-20T00:36:00+  .. OK
2020-06-20T00:36:00+  ---- Uninstall package
2020-06-20T00:36:00+  .. OK
2020-06-20T00:36:00+  ====== Start flake8-trailing-commas
2020-06-20T00:36:00+  ---- Attempt install
2020-06-20T00:36:01+  .. OK
2020-06-20T00:36:01+  ---- Attempt entry point retrieval
2020-06-20T00:36:01+  .. OK
2020-06-20T00:36:01+  ---- Uninstall package
2020-06-20T00:36:01+  .. OK
2020-06-20T00:36:01+  ====== Start flake8-translation-activate
2020-06-20T00:36:01+  ---- Attempt install
2020-06-20T00:36:02+  .. OK
2020-06-20T00:36:02+  ---- Attempt entry point retrieval
2020-06-20T00:36:02+  .. OK
2020-06-20T00:36:02+  ---- Uninstall package
2020-06-20T00:36:03+  .. OK
2020-06-20T00:36:03+  ====== Start flake8-truveris
2020-06-20T00:36:03+  ---- Attempt install
2020-06-20T00:36:04+  .. OK
2020-06-20T00:36:04+  ---- Attempt entry point retrieval
2020-06-20T00:36:04+  .. OK
2020-06-20T00:36:04+  ---- Uninstall package
2020-06-20T00:36:04+  .. OK
2020-06-20T00:36:04+  ====== Start flake8tuple
2020-06-20T00:36:04+  ---- Attempt install
2020-06-20T00:36:05+  .. FAILED (exit 1)
2020-06-20T00:36:05+  ---- SKIP entry point retrieval
2020-06-20T00:36:05+  ---- Uninstall package
2020-06-20T00:36:06+  .. OK
2020-06-20T00:36:06+  ====== Start flake8-tuple
2020-06-20T00:36:06+  ---- Attempt install
2020-06-20T00:36:07+  .. OK
2020-06-20T00:36:07+  ---- Attempt entry point retrieval
2020-06-20T00:36:07+  .. OK
2020-06-20T00:36:07+  ---- Uninstall package
2020-06-20T00:36:07+  .. OK
2020-06-20T00:36:07+  ====== Start flake8-tuple-unpack-limit
2020-06-20T00:36:07+  ---- Attempt install
2020-06-20T00:36:08+  .. OK
2020-06-20T00:36:08+  ---- Attempt entry point retrieval
2020-06-20T00:36:08+  .. OK
2020-06-20T00:36:08+  ---- Uninstall package
2020-06-20T00:36:09+  .. OK
2020-06-20T00:36:09+  ====== Start flake8-type-annotations
2020-06-20T00:36:09+  ---- Attempt install
2020-06-20T00:36:09+  .. OK
2020-06-20T00:36:09+  ---- Attempt entry point retrieval
2020-06-20T00:36:10+  .. OK
2020-06-20T00:36:10+  ---- Uninstall package
2020-06-20T00:36:10+  .. OK
2020-06-20T00:36:10+  ====== Start flake8-typing-imports
2020-06-20T00:36:10+  ---- Attempt install
2020-06-20T00:36:11+  .. OK
2020-06-20T00:36:11+  ---- Attempt entry point retrieval
2020-06-20T00:36:11+  .. OK
2020-06-20T00:36:11+  ---- Uninstall package
2020-06-20T00:36:11+  .. OK
2020-06-20T00:36:11+  ====== Start flake8-ugettext-alias
2020-06-20T00:36:11+  ---- Attempt install
2020-06-20T00:36:12+  .. OK
2020-06-20T00:36:12+  ---- Attempt entry point retrieval
2020-06-20T00:36:12+  .. OK
2020-06-20T00:36:12+  ---- Uninstall package
2020-06-20T00:36:12+  .. OK
2020-06-20T00:36:12+  ====== Start flake8-unused-arguments
2020-06-20T00:36:12+  ---- Attempt install
2020-06-20T00:36:13+  .. OK
2020-06-20T00:36:13+  ---- Attempt entry point retrieval
2020-06-20T00:36:13+  .. OK
2020-06-20T00:36:13+  ---- Uninstall package
2020-06-20T00:36:13+  .. OK
2020-06-20T00:36:13+  ====== Start flake8-use-fstring
2020-06-20T00:36:13+  ---- Attempt install
2020-06-20T00:36:15+  .. OK
2020-06-20T00:36:15+  ---- Attempt entry point retrieval
2020-06-20T00:36:15+  .. OK
2020-06-20T00:36:15+  ---- Uninstall package
2020-06-20T00:36:15+  .. OK
2020-06-20T00:36:15+  ====== Start flake8-user-model
2020-06-20T00:36:15+  ---- Attempt install
2020-06-20T00:36:16+  .. OK
2020-06-20T00:36:16+  ---- Attempt entry point retrieval
2020-06-20T00:36:16+  .. OK
2020-06-20T00:36:16+  ---- Uninstall package
2020-06-20T00:36:16+  .. OK
2020-06-20T00:36:16+  ====== Start flake8-variables-names
2020-06-20T00:36:16+  ---- Attempt install
2020-06-20T00:36:17+  .. OK
2020-06-20T00:36:17+  ---- Attempt entry point retrieval
2020-06-20T00:36:17+  .. OK
2020-06-20T00:36:17+  ---- Uninstall package
2020-06-20T00:36:18+  .. OK
2020-06-20T00:36:18+  ====== Start flake8-vyper
2020-06-20T00:36:18+  ---- Attempt install
2020-06-20T00:36:18+  .. OK
2020-06-20T00:36:18+  ---- Attempt entry point retrieval
2020-06-20T00:36:18+  .. OK
2020-06-20T00:36:18+  ---- Uninstall package
2020-06-20T00:36:19+  .. OK
2020-06-20T00:36:19+  ====== Start flake8-walrus
2020-06-20T00:36:19+  ---- Attempt install
2020-06-20T00:36:20+  .. OK
2020-06-20T00:36:20+  ---- Attempt entry point retrieval
2020-06-20T00:36:20+  .. OK
2020-06-20T00:36:20+  ---- Uninstall package
2020-06-20T00:36:20+  .. OK
2020-06-20T00:36:20+  ====== Start flake8-ycm
2020-06-20T00:36:20+  ---- Attempt install
2020-06-20T00:36:21+  .. OK
2020-06-20T00:36:21+  ---- Attempt entry point retrieval
2020-06-20T00:36:21+  .. OK
2020-06-20T00:36:21+  ---- Uninstall package
2020-06-20T00:36:21+  .. OK
2020-06-20T00:36:21+  ====== Start flufl-flake8
2020-06-20T00:36:21+  ---- Attempt install
2020-06-20T00:36:22+  .. OK
2020-06-20T00:36:22+  ---- Attempt entry point retrieval
2020-06-20T00:36:22+  .. OK
2020-06-20T00:36:22+  ---- Uninstall package
2020-06-20T00:36:23+  .. OK
2020-06-20T00:36:23+  ====== Start iflake8
2020-06-20T00:36:23+  ---- Attempt install
2020-06-20T00:36:24+  .. OK
2020-06-20T00:36:24+  ---- Attempt entry point retrieval
2020-06-20T00:36:24+  .. OK
2020-06-20T00:36:24+  ---- Uninstall package
2020-06-20T00:36:24+  .. OK
2020-06-20T00:36:24+  ====== Start imhotep-flake8
2020-06-20T00:36:24+  ---- Attempt install
2020-06-20T00:36:26+  .. OK
2020-06-20T00:36:26+  ---- Attempt entry point retrieval
2020-06-20T00:36:26+  .. OK
2020-06-20T00:36:26+  ---- Uninstall package
2020-06-20T00:36:26+  .. OK
2020-06-20T00:36:26+  ====== Start kagiso-flake8
2020-06-20T00:36:26+  ---- Attempt install
2020-06-20T00:36:27+  .. OK
2020-06-20T00:36:27+  ---- Attempt entry point retrieval
2020-06-20T00:36:27+  .. OK
2020-06-20T00:36:27+  ---- Uninstall package
2020-06-20T00:36:28+  .. OK
2020-06-20T00:36:28+  ====== Start mccabe
2020-06-20T00:36:28+  ---- Attempt install
2020-06-20T00:36:28+  .. OK
2020-06-20T00:36:28+  ---- Attempt entry point retrieval
2020-06-20T00:36:28+  .. OK
2020-06-20T00:36:28+  ---- Uninstall package
2020-06-20T00:36:29+  .. OK
2020-06-20T00:36:29+  ====== Start pep8-naming
2020-06-20T00:36:29+  ---- Attempt install
2020-06-20T00:36:29+  .. OK
2020-06-20T00:36:29+  ---- Attempt entry point retrieval
2020-06-20T00:36:29+  .. OK
2020-06-20T00:36:29+  ---- Uninstall package
2020-06-20T00:36:30+  .. OK
2020-06-20T00:36:30+  ====== Start pycodestyle
2020-06-20T00:36:30+  ---- Attempt install
2020-06-20T00:36:30+  .. OK
2020-06-20T00:36:30+  ---- Attempt entry point retrieval
2020-06-20T00:36:30+  .. OK
2020-06-20T00:36:30+  ---- Uninstall package
2020-06-20T00:36:31+  .. OK
2020-06-20T00:36:31+  ====== Start pyflakes
2020-06-20T00:36:31+  ---- Attempt install
2020-06-20T00:36:32+  .. OK
2020-06-20T00:36:32+  ---- Attempt entry point retrieval
2020-06-20T00:36:32+  .. OK
2020-06-20T00:36:32+  ---- Uninstall package
2020-06-20T00:36:32+  .. OK
2020-06-20T00:36:32+  ====== Start pytestflake8
2020-06-20T00:36:32+  ---- Attempt install
2020-06-20T00:36:33+  .. FAILED (exit 1)
2020-06-20T00:36:33+  ---- SKIP entry point retrieval
2020-06-20T00:36:33+  ---- Uninstall package
2020-06-20T00:36:34+  .. OK
2020-06-20T00:36:34+  ====== Start pytest-flake8
2020-06-20T00:36:34+  ---- Attempt install
2020-06-20T00:36:34+  .. OK
2020-06-20T00:36:34+  ---- Attempt entry point retrieval
2020-06-20T00:36:34+  .. OK
2020-06-20T00:36:34+  ---- Uninstall package
2020-06-20T00:36:35+  .. OK
2020-06-20T00:36:35+  ====== Start pytest-flake8dir
2020-06-20T00:36:35+  ---- Attempt install
2020-06-20T00:36:35+  .. OK
2020-06-20T00:36:35+  ---- Attempt entry point retrieval
2020-06-20T00:36:35+  .. OK
2020-06-20T00:36:35+  ---- Uninstall package
2020-06-20T00:36:36+  .. OK
2020-06-20T00:36:36+  ====== Start sentry-flake8
2020-06-20T00:36:36+  ---- Attempt install
2020-06-20T00:36:37+  .. OK
2020-06-20T00:36:37+  ---- Attempt entry point retrieval
2020-06-20T00:36:37+  .. OK
2020-06-20T00:36:37+  ---- Uninstall package
2020-06-20T00:36:37+  .. OK
2020-06-20T00:36:37+  ====== Start st2flake8
2020-06-20T00:36:37+  ---- Attempt install
2020-06-20T00:36:38+  .. OK
2020-06-20T00:36:38+  ---- Attempt entry point retrieval
2020-06-20T00:36:38+  .. OK
2020-06-20T00:36:38+  ---- Uninstall package
2020-06-20T00:36:39+  .. OK
2020-06-20T00:36:39+  ====== Start verve-flake8-mock
2020-06-20T00:36:39+  ---- Attempt install
2020-06-20T00:36:39+  .. OK
2020-06-20T00:36:39+  ---- Attempt entry point retrieval
2020-06-20T00:36:39+  .. OK
2020-06-20T00:36:39+  ---- Uninstall package
2020-06-20T00:36:40+  .. OK
2020-06-20T00:36:40+  ====== DONE
